<?xml version="1.0" encoding="UTF-8"?>
<!-- Generated by org.testng.reporters.JUnitReportReporter -->
<testsuite hostname="LL-KBAKSHI-1036" name="Testing.Guru99CrossBrowserScript" tests="2" failures="0" timestamp="11 Aug 2016 00:55:48 GMT" time="18.844" errors="0">
  <testcase name="testParameterWithXML" time="7.359" classname="Testing.Guru99CrossBrowserScript"/>
  <testcase name="testParameterWithXML" time="11.485" classname="Testing.Guru99CrossBrowserScript"/>
</testsuite> <!-- Testing.Guru99CrossBrowserScript -->
